# JRE version: OpenJDK Runtime Environment (8.0_212-b03) (build 1.8.0_212-b03)
# Java VM: OpenJDK 64-Bit Server VM (25.212-b03 mixed mode linux-amd64 compressed oops)
Heap:
 PSYoungGen      total 454656K, used 151750K [0x000000078e100000, 0x00000007ac580000, 0x00000007c0000000)
  eden space 434176K, 34% used [0x000000078e100000,0x0000000797531988,0x00000007a8900000)
  from space 20480K, 0% used [0x00000007ab180000,0x00000007ab180000,0x00000007ac580000)
  to   space 25600K, 0% used [0x00000007a9380000,0x00000007a9380000,0x00000007aac80000)
 ParOldGen       total 116736K, used 35167K [0x000000072a200000, 0x0000000731400000, 0x000000078e100000)
  object space 116736K, 30% used [0x000000072a200000,0x000000072c457f78,0x0000000731400000)
 Metaspace       used 56940K, capacity 60001K, committed 60056K, reserved 1101824K
  class space    used 7220K, capacity 7807K, committed 7848K, reserved 1048576K
GC Heap History (10 events):
Event: 3,733 GC heap before
{Heap before GC invocations=7 (full 1):
 PSYoungGen      total 161792K, used 79601K [0x000000078e100000, 0x00000007a0c80000, 0x00000007c0000000)
  eden space 155648K, 47% used [0x000000078e100000,0x00000007928bf240,0x0000000797900000)
  from space 6144K, 99% used [0x0000000797900000,0x0000000797efd350,0x0000000797f00000)
  to   space 14336K, 0% used [0x000000079fe80000,0x000000079fe80000,0x00000007a0c80000)
 ParOldGen       total 56832K, used 13343K [0x000000072a200000, 0x000000072d980000, 0x000000078e100000)
  object space 56832K, 23% used [0x000000072a200000,0x000000072af07ff8,0x000000072d980000)
 Metaspace       used 33786K, capacity 35341K, committed 35496K, reserved 1081344K
  class space    used 4196K, capacity 4520K, committed 4520K, reserved 1048576K
Event: 3,752 GC heap after
Heap after GC invocations=7 (full 1):
 PSYoungGen      total 289792K, used 14199K [0x000000078e100000, 0x00000007a0f00000, 0x00000007c0000000)
  eden space 275456K, 0% used [0x000000078e100000,0x000000078e100000,0x000000079ee00000)
  from space 14336K, 99% used [0x000000079fe80000,0x00000007a0c5dd30,0x00000007a0c80000)
  to   space 16896K, 0% used [0x000000079ee00000,0x000000079ee00000,0x000000079fe80000)
 ParOldGen       total 56832K, used 13351K [0x000000072a200000, 0x000000072d980000, 0x000000078e100000)
  object space 56832K, 23% used [0x000000072a200000,0x000000072af09ff8,0x000000072d980000)
 Metaspace       used 33786K, capacity 35341K, committed 35496K, reserved 1081344K
  class space    used 4196K, capacity 4520K, committed 4520K, reserved 1048576K
}
Event: 3,752 GC heap before
{Heap before GC invocations=8 (full 2):
 PSYoungGen      total 289792K, used 14199K [0x000000078e100000, 0x00000007a0f00000, 0x00000007c0000000)
  eden space 275456K, 0% used [0x000000078e100000,0x000000078e100000,0x000000079ee00000)
  from space 14336K, 99% used [0x000000079fe80000,0x00000007a0c5dd30,0x00000007a0c80000)
  to   space 16896K, 0% used [0x000000079ee00000,0x000000079ee00000,0x000000079fe80000)
 ParOldGen       total 56832K, used 13351K [0x000000072a200000, 0x000000072d980000, 0x000000078e100000)
  object space 56832K, 23% used [0x000000072a200000,0x000000072af09ff8,0x000000072d980000)
 Metaspace       used 33786K, capacity 35341K, committed 35496K, reserved 1081344K
  class space    used 4196K, capacity 4520K, committed 4520K, reserved 1048576K
Event: 3,801 GC heap after
Heap after GC invocations=8 (full 2):
 PSYoungGen      total 289792K, used 0K [0x000000078e100000, 0x00000007a0f00000, 0x00000007c0000000)
  eden space 275456K, 0% used [0x000000078e100000,0x000000078e100000,0x000000079ee00000)
  from space 14336K, 0% used [0x000000079fe80000,0x000000079fe80000,0x00000007a0c80000)
  to   space 16896K, 0% used [0x000000079ee00000,0x000000079ee00000,0x000000079fe80000)
 ParOldGen       total 88064K, used 20261K [0x000000072a200000, 0x000000072f800000, 0x000000078e100000)
  object space 88064K, 23% used [0x000000072a200000,0x000000072b5c9758,0x000000072f800000)
 Metaspace       used 33786K, capacity 35341K, committed 35496K, reserved 1081344K
  class space    used 4196K, capacity 4520K, committed 4520K, reserved 1048576K
}
Event: 8,930 GC heap before
{Heap before GC invocations=9 (full 2):
 PSYoungGen      total 289792K, used 275456K [0x000000078e100000, 0x00000007a0f00000, 0x00000007c0000000)
  eden space 275456K, 100% used [0x000000078e100000,0x000000079ee00000,0x000000079ee00000)
  from space 14336K, 0% used [0x000000079fe80000,0x000000079fe80000,0x00000007a0c80000)
  to   space 16896K, 0% used [0x000000079ee00000,0x000000079ee00000,0x000000079fe80000)
 ParOldGen       total 88064K, used 20261K [0x000000072a200000, 0x000000072f800000, 0x000000078e100000)
  object space 88064K, 23% used [0x000000072a200000,0x000000072b5c9758,0x000000072f800000)
 Metaspace       used 49698K, capacity 52495K, committed 52776K, reserved 1095680K
  class space    used 6316K, capacity 6826K, committed 6952K, reserved 1048576K
Event: 8,970 GC heap after
Heap after GC invocations=9 (full 2):
 PSYoungGen      total 292352K, used 16895K [0x000000078e100000, 0x00000007ac800000, 0x00000007c0000000)
  eden space 275456K, 0% used [0x000000078e100000,0x000000078e100000,0x000000079ee00000)
  from space 16896K, 99% used [0x000000079ee00000,0x000000079fe7ff90,0x000000079fe80000)
  to   space 23040K, 0% used [0x00000007ab180000,0x00000007ab180000,0x00000007ac800000)
 ParOldGen       total 88064K, used 26639K [0x000000072a200000, 0x000000072f800000, 0x000000078e100000)
  object space 88064K, 30% used [0x000000072a200000,0x000000072bc03fa0,0x000000072f800000)
 Metaspace       used 49698K, capacity 52495K, committed 52776K, reserved 1095680K
  class space    used 6316K, capacity 6826K, committed 6952K, reserved 1048576K
}
Event: 704,508 GC heap before
{Heap before GC invocations=10 (full 2):
 PSYoungGen      total 292352K, used 127483K [0x000000078e100000, 0x00000007ac800000, 0x00000007c0000000)
  eden space 275456K, 40% used [0x000000078e100000,0x0000000794cfedb0,0x000000079ee00000)
  from space 16896K, 99% used [0x000000079ee00000,0x000000079fe7ff90,0x000000079fe80000)
  to   space 23040K, 0% used [0x00000007ab180000,0x00000007ab180000,0x00000007ac800000)
 ParOldGen       total 88064K, used 26639K [0x000000072a200000, 0x000000072f800000, 0x000000078e100000)
  object space 88064K, 30% used [0x000000072a200000,0x000000072bc03fa0,0x000000072f800000)
 Metaspace       used 56189K, capacity 59101K, committed 59160K, reserved 1101824K
  class space    used 7108K, capacity 7661K, committed 7720K, reserved 1048576K
Event: 704,536 GC heap after
Heap after GC invocations=10 (full 2):
 PSYoungGen      total 454656K, used 20407K [0x000000078e100000, 0x00000007ac580000, 0x00000007c0000000)
  eden space 434176K, 0% used [0x000000078e100000,0x000000078e100000,0x00000007a8900000)
  from space 20480K, 99% used [0x00000007ab180000,0x00000007ac56dd80,0x00000007ac580000)
  to   space 25600K, 0% used [0x00000007a9380000,0x00000007a9380000,0x00000007aac80000)
 ParOldGen       total 88064K, used 26647K [0x000000072a200000, 0x000000072f800000, 0x000000078e100000)
  object space 88064K, 30% used [0x000000072a200000,0x000000072bc05fa0,0x000000072f800000)
 Metaspace       used 56189K, capacity 59101K, committed 59160K, reserved 1101824K
  class space    used 7108K, capacity 7661K, committed 7720K, reserved 1048576K
}
Event: 704,536 GC heap before
{Heap before GC invocations=11 (full 3):
 PSYoungGen      total 454656K, used 20407K [0x000000078e100000, 0x00000007ac580000, 0x00000007c0000000)
  eden space 434176K, 0% used [0x000000078e100000,0x000000078e100000,0x00000007a8900000)
  from space 20480K, 99% used [0x00000007ab180000,0x00000007ac56dd80,0x00000007ac580000)
  to   space 25600K, 0% used [0x00000007a9380000,0x00000007a9380000,0x00000007aac80000)
 ParOldGen       total 88064K, used 26647K [0x000000072a200000, 0x000000072f800000, 0x000000078e100000)
  object space 88064K, 30% used [0x000000072a200000,0x000000072bc05fa0,0x000000072f800000)
 Metaspace       used 56189K, capacity 59101K, committed 59160K, reserved 1101824K
  class space    used 7108K, capacity 7661K, committed 7720K, reserved 1048576K
Event: 704,669 GC heap after
Heap after GC invocations=11 (full 3):
 PSYoungGen      total 454656K, used 0K [0x000000078e100000, 0x00000007ac580000, 0x00000007c0000000)
  eden space 434176K, 0% used [0x000000078e100000,0x000000078e100000,0x00000007a8900000)
  from space 20480K, 0% used [0x00000007ab180000,0x00000007ab180000,0x00000007ac580000)
  to   space 25600K, 0% used [0x00000007a9380000,0x00000007a9380000,0x00000007aac80000)
 ParOldGen       total 116736K, used 35167K [0x000000072a200000, 0x0000000731400000, 0x000000078e100000)
  object space 116736K, 30% used [0x000000072a200000,0x000000072c457f78,0x0000000731400000)
 Metaspace       used 56189K, capacity 59101K, committed 59160K, reserved 1101824K
  class space    used 7108K, capacity 7661K, committed 7720K, reserved 1048576K
}

